<?xml version="1.0" encoding="UTF-8"?>
<!-- Generated by org.testng.reporters.JUnitXMLReporter -->
<testsuite ignored="0" hostname="QT-INBG-LT0706" failures="11" tests="63" name="Test" time="404.862" errors="0" timestamp="2022-09-21T15:49:55 IST">
  <testcase classname="mobile.login" name="login_invalid_password" time="0.519">
    <failure type="java.lang.AssertionError" message="expected [error message should be displayed] but found [a1]">
      <![CDATA[java.lang.AssertionError: expected [error message should be displayed] but found [a1]
at mobile.login.login_invalid_password(login.java:71)
at java.base/java.util.ArrayList.forEach(ArrayList.java:1511)
... Removed 33 stack frames]]>
    </failure>
  </testcase> <!-- login_invalid_password -->
  <testcase classname="mobile.login" name="login_password_empty" time="0.535">
    <failure type="java.lang.AssertionError" message="expected [error message should be displayed] but found []">
      <![CDATA[java.lang.AssertionError: expected [error message should be displayed] but found []
at mobile.login.login_password_empty(login.java:83)
at java.base/java.util.ArrayList.forEach(ArrayList.java:1511)
... Removed 33 stack frames]]>
    </failure>
  </testcase> <!-- login_password_empty -->
  <testcase classname="mobile.login" name="login_valid_password" time="0.752"/>
  <testcase classname="mobile.login" name="login_valid_username" time="0.756"/>
  <testcase classname="mobile.login" name="login_valid_username" time="2.612"/>
  <testcase classname="mobile.login" name="login_valid_username" time="0.96"/>
  <testcase classname="mobile.login" name="loginintegration" time="0.965"/>
  <testcase classname="mobile.login" name="username_empty" time="0.483">
    <failure type="java.lang.AssertionError" message="expected [error message should be displayed] but found []">
      <![CDATA[java.lang.AssertionError: expected [error message should be displayed] but found []
at mobile.login.username_empty(login.java:50)
at java.base/java.util.ArrayList.forEach(ArrayList.java:1511)
... Removed 33 stack frames]]>
    </failure>
  </testcase> <!-- username_empty -->
  <testcase classname="mobile.login" name="username_less_than_3" time="0.724">
    <failure type="java.lang.AssertionError" message="expected [error message should be displayed] but found [aa]">
      <![CDATA[java.lang.AssertionError: expected [error message should be displayed] but found [aa]
at mobile.login.username_less_than_3(login.java:25)
at java.base/java.util.ArrayList.forEach(ArrayList.java:1511)
... Removed 33 stack frames]]>
    </failure>
  </testcase> <!-- username_less_than_3 -->
  <testcase classname="mobile.login" name="username_more_than_20" time="0.525">
    <failure type="java.lang.AssertionError" message="expected [error message should be displayed] but found [qwertyuiopasdqwertyuiopasd]">
      <![CDATA[java.lang.AssertionError: expected [error message should be displayed] but found [qwertyuiopasdqwertyuiopasd]
at mobile.login.username_more_than_20(login.java:38)
at java.base/java.util.ArrayList.forEach(ArrayList.java:1511)
... Removed 33 stack frames]]>
    </failure>
  </testcase> <!-- username_more_than_20 -->
  <testcase classname="mobile.signup" name="sign_up_bio" time="3.67"/>
  <testcase classname="mobile.signup" name="sign_up_bio" time="2.977">
    <failure type="org.openqa.selenium.NoAlertPresentException" message="no such alert
  (Session info: chrome=105.0.5195.127)
Build info: version: &amp;apos;4.4.0&amp;apos;, revision: &amp;apos;e5c75ed026a&amp;apos;
System info: host: &amp;apos;QT-INBG-LT0706&amp;apos;, ip: &amp;apos;10.20.15.124&amp;apos;, os.name: &amp;apos;Windows 10&amp;apos;, os.arch: &amp;apos;amd64&amp;apos;, os.version: &amp;apos;10.0&amp;apos;, java.version: &amp;apos;17.0.4&amp;apos;
Driver info: org.openqa.selenium.chrome.ChromeDriver
Command: [edb6c9930ccc608f415a3413ea8760ad, getAlertText {}]
Capabilities {acceptInsecureCerts: false, browserName: chrome, browserVersion: 105.0.5195.127, chrome: {chromedriverVersion: 105.0.5195.52 (412c95e51883..., userDataDir: C:\Users\ASA~1.AJA\AppData\...}, goog:chromeOptions: {debuggerAddress: localhost:55156}, networkConnectionEnabled: false, pageLoadStrategy: normal, platformName: WINDOWS, proxy: Proxy(), se:cdp: ws://localhost:55156/devtoo..., se:cdpVersion: 105.0.5195.127, setWindowRect: true, strictFileInteractability: false, timeouts: {implicit: 0, pageLoad: 300000, script: 30000}, unhandledPromptBehavior: dismiss and notify, webauthn:extension:credBlob: true, webauthn:extension:largeBlob: true, webauthn:virtualAuthenticators: true}
Session ID: edb6c9930ccc608f415a3413ea8760ad">
      <![CDATA[org.openqa.selenium.NoAlertPresentException: no such alert
  (Session info: chrome=105.0.5195.127)
Build info: version: '4.4.0', revision: 'e5c75ed026a'
System info: host: 'QT-INBG-LT0706', ip: '10.20.15.124', os.name: 'Windows 10', os.arch: 'amd64', os.version: '10.0', java.version: '17.0.4'
Driver info: org.openqa.selenium.chrome.ChromeDriver
Command: [edb6c9930ccc608f415a3413ea8760ad, getAlertText {}]
Capabilities {acceptInsecureCerts: false, browserName: chrome, browserVersion: 105.0.5195.127, chrome: {chromedriverVersion: 105.0.5195.52 (412c95e51883..., userDataDir: C:\Users\ASA~1.AJA\AppData\...}, goog:chromeOptions: {debuggerAddress: localhost:55156}, networkConnectionEnabled: false, pageLoadStrategy: normal, platformName: WINDOWS, proxy: Proxy(), se:cdp: ws://localhost:55156/devtoo..., se:cdpVersion: 105.0.5195.127, setWindowRect: true, strictFileInteractability: false, timeouts: {implicit: 0, pageLoad: 300000, script: 30000}, unhandledPromptBehavior: dismiss and notify, webauthn:extension:credBlob: true, webauthn:extension:largeBlob: true, webauthn:virtualAuthenticators: true}
Session ID: edb6c9930ccc608f415a3413ea8760ad
at org.openqa.selenium.remote.codec.w3c.W3CHttpResponseCodec.createException(W3CHttpResponseCodec.java:200)
at org.openqa.selenium.remote.codec.w3c.W3CHttpResponseCodec.decode(W3CHttpResponseCodec.java:133)
at org.openqa.selenium.remote.codec.w3c.W3CHttpResponseCodec.decode(W3CHttpResponseCodec.java:53)
at org.openqa.selenium.remote.HttpCommandExecutor.execute(HttpCommandExecutor.java:184)
at org.openqa.selenium.remote.service.DriverCommandExecutor.invokeExecute(DriverCommandExecutor.java:167)
at org.openqa.selenium.remote.service.DriverCommandExecutor.execute(DriverCommandExecutor.java:142)
at org.openqa.selenium.remote.RemoteWebDriver.execute(RemoteWebDriver.java:547)
at org.openqa.selenium.remote.RemoteWebDriver.execute(RemoteWebDriver.java:602)
at org.openqa.selenium.remote.RemoteWebDriver.execute(RemoteWebDriver.java:606)
at org.openqa.selenium.remote.RemoteWebDriver$RemoteTargetLocator.alert(RemoteWebDriver.java:1128)
at mobile.signup.sign_up_bio(signup.java:70)
at java.base/java.util.ArrayList.forEach(ArrayList.java:1511)
... Removed 32 stack frames]]>
    </failure>
  </testcase> <!-- sign_up_bio -->
  <testcase classname="mobile.signup" name="sign_up_email" time="2.397"/>
  <testcase classname="mobile.signup" name="sign_up_email" time="2.359"/>
  <testcase classname="mobile.signup" name="sign_up_email" time="1.767">
    <failure type="org.openqa.selenium.NoAlertPresentException" message="no such alert
  (Session info: chrome=105.0.5195.127)
Build info: version: &amp;apos;4.4.0&amp;apos;, revision: &amp;apos;e5c75ed026a&amp;apos;
System info: host: &amp;apos;QT-INBG-LT0706&amp;apos;, ip: &amp;apos;10.20.15.124&amp;apos;, os.name: &amp;apos;Windows 10&amp;apos;, os.arch: &amp;apos;amd64&amp;apos;, os.version: &amp;apos;10.0&amp;apos;, java.version: &amp;apos;17.0.4&amp;apos;
Driver info: org.openqa.selenium.chrome.ChromeDriver
Command: [0da4529aec84bba3d7b88b031c06fe86, getAlertText {}]
Capabilities {acceptInsecureCerts: false, browserName: chrome, browserVersion: 105.0.5195.127, chrome: {chromedriverVersion: 105.0.5195.52 (412c95e51883..., userDataDir: C:\Users\ASA~1.AJA\AppData\...}, goog:chromeOptions: {debuggerAddress: localhost:55279}, networkConnectionEnabled: false, pageLoadStrategy: normal, platformName: WINDOWS, proxy: Proxy(), se:cdp: ws://localhost:55279/devtoo..., se:cdpVersion: 105.0.5195.127, setWindowRect: true, strictFileInteractability: false, timeouts: {implicit: 0, pageLoad: 300000, script: 30000}, unhandledPromptBehavior: dismiss and notify, webauthn:extension:credBlob: true, webauthn:extension:largeBlob: true, webauthn:virtualAuthenticators: true}
Session ID: 0da4529aec84bba3d7b88b031c06fe86">
      <![CDATA[org.openqa.selenium.NoAlertPresentException: no such alert
  (Session info: chrome=105.0.5195.127)
Build info: version: '4.4.0', revision: 'e5c75ed026a'
System info: host: 'QT-INBG-LT0706', ip: '10.20.15.124', os.name: 'Windows 10', os.arch: 'amd64', os.version: '10.0', java.version: '17.0.4'
Driver info: org.openqa.selenium.chrome.ChromeDriver
Command: [0da4529aec84bba3d7b88b031c06fe86, getAlertText {}]
Capabilities {acceptInsecureCerts: false, browserName: chrome, browserVersion: 105.0.5195.127, chrome: {chromedriverVersion: 105.0.5195.52 (412c95e51883..., userDataDir: C:\Users\ASA~1.AJA\AppData\...}, goog:chromeOptions: {debuggerAddress: localhost:55279}, networkConnectionEnabled: false, pageLoadStrategy: normal, platformName: WINDOWS, proxy: Proxy(), se:cdp: ws://localhost:55279/devtoo..., se:cdpVersion: 105.0.5195.127, setWindowRect: true, strictFileInteractability: false, timeouts: {implicit: 0, pageLoad: 300000, script: 30000}, unhandledPromptBehavior: dismiss and notify, webauthn:extension:credBlob: true, webauthn:extension:largeBlob: true, webauthn:virtualAuthenticators: true}
Session ID: 0da4529aec84bba3d7b88b031c06fe86
at org.openqa.selenium.remote.codec.w3c.W3CHttpResponseCodec.createException(W3CHttpResponseCodec.java:200)
at org.openqa.selenium.remote.codec.w3c.W3CHttpResponseCodec.decode(W3CHttpResponseCodec.java:133)
at org.openqa.selenium.remote.codec.w3c.W3CHttpResponseCodec.decode(W3CHttpResponseCodec.java:53)
at org.openqa.selenium.remote.HttpCommandExecutor.execute(HttpCommandExecutor.java:184)
at org.openqa.selenium.remote.service.DriverCommandExecutor.invokeExecute(DriverCommandExecutor.java:167)
at org.openqa.selenium.remote.service.DriverCommandExecutor.execute(DriverCommandExecutor.java:142)
at org.openqa.selenium.remote.RemoteWebDriver.execute(RemoteWebDriver.java:547)
at org.openqa.selenium.remote.RemoteWebDriver.execute(RemoteWebDriver.java:602)
at org.openqa.selenium.remote.RemoteWebDriver.execute(RemoteWebDriver.java:606)
at org.openqa.selenium.remote.RemoteWebDriver$RemoteTargetLocator.alert(RemoteWebDriver.java:1128)
at mobile.signup.sign_up_email(signup.java:37)
at java.base/java.util.ArrayList.forEach(ArrayList.java:1511)
... Removed 32 stack frames]]>
    </failure>
  </testcase> <!-- sign_up_email -->
  <testcase classname="mobile.signup" name="sign_up_firstname" time="2.565"/>
  <testcase classname="mobile.signup" name="sign_up_firstname" time="2.516"/>
  <testcase classname="mobile.signup" name="sign_up_firstname" time="2.684"/>
  <testcase classname="mobile.signup" name="sign_up_firstname" time="14.009"/>
  <testcase classname="mobile.signup" name="sign_up_firstname" time="2.108"/>
  <testcase classname="mobile.signup" name="sign_up_firstname" time="2.552"/>
  <testcase classname="mobile.signup" name="sign_up_firstname" time="1.906">
    <failure type="org.openqa.selenium.NoAlertPresentException" message="no such alert
  (Session info: chrome=105.0.5195.127)
Build info: version: &amp;apos;4.4.0&amp;apos;, revision: &amp;apos;e5c75ed026a&amp;apos;
System info: host: &amp;apos;QT-INBG-LT0706&amp;apos;, ip: &amp;apos;10.20.15.124&amp;apos;, os.name: &amp;apos;Windows 10&amp;apos;, os.arch: &amp;apos;amd64&amp;apos;, os.version: &amp;apos;10.0&amp;apos;, java.version: &amp;apos;17.0.4&amp;apos;
Driver info: org.openqa.selenium.chrome.ChromeDriver
Command: [89a318eb0fa627ed1d01ae51a5b806e6, getAlertText {}]
Capabilities {acceptInsecureCerts: false, browserName: chrome, browserVersion: 105.0.5195.127, chrome: {chromedriverVersion: 105.0.5195.52 (412c95e51883..., userDataDir: C:\Users\ASA~1.AJA\AppData\...}, goog:chromeOptions: {debuggerAddress: localhost:55555}, networkConnectionEnabled: false, pageLoadStrategy: normal, platformName: WINDOWS, proxy: Proxy(), se:cdp: ws://localhost:55555/devtoo..., se:cdpVersion: 105.0.5195.127, setWindowRect: true, strictFileInteractability: false, timeouts: {implicit: 0, pageLoad: 300000, script: 30000}, unhandledPromptBehavior: dismiss and notify, webauthn:extension:credBlob: true, webauthn:extension:largeBlob: true, webauthn:virtualAuthenticators: true}
Session ID: 89a318eb0fa627ed1d01ae51a5b806e6">
      <![CDATA[org.openqa.selenium.NoAlertPresentException: no such alert
  (Session info: chrome=105.0.5195.127)
Build info: version: '4.4.0', revision: 'e5c75ed026a'
System info: host: 'QT-INBG-LT0706', ip: '10.20.15.124', os.name: 'Windows 10', os.arch: 'amd64', os.version: '10.0', java.version: '17.0.4'
Driver info: org.openqa.selenium.chrome.ChromeDriver
Command: [89a318eb0fa627ed1d01ae51a5b806e6, getAlertText {}]
Capabilities {acceptInsecureCerts: false, browserName: chrome, browserVersion: 105.0.5195.127, chrome: {chromedriverVersion: 105.0.5195.52 (412c95e51883..., userDataDir: C:\Users\ASA~1.AJA\AppData\...}, goog:chromeOptions: {debuggerAddress: localhost:55555}, networkConnectionEnabled: false, pageLoadStrategy: normal, platformName: WINDOWS, proxy: Proxy(), se:cdp: ws://localhost:55555/devtoo..., se:cdpVersion: 105.0.5195.127, setWindowRect: true, strictFileInteractability: false, timeouts: {implicit: 0, pageLoad: 300000, script: 30000}, unhandledPromptBehavior: dismiss and notify, webauthn:extension:credBlob: true, webauthn:extension:largeBlob: true, webauthn:virtualAuthenticators: true}
Session ID: 89a318eb0fa627ed1d01ae51a5b806e6
at org.openqa.selenium.remote.codec.w3c.W3CHttpResponseCodec.createException(W3CHttpResponseCodec.java:200)
at org.openqa.selenium.remote.codec.w3c.W3CHttpResponseCodec.decode(W3CHttpResponseCodec.java:133)
at org.openqa.selenium.remote.codec.w3c.W3CHttpResponseCodec.decode(W3CHttpResponseCodec.java:53)
at org.openqa.selenium.remote.HttpCommandExecutor.execute(HttpCommandExecutor.java:184)
at org.openqa.selenium.remote.service.DriverCommandExecutor.invokeExecute(DriverCommandExecutor.java:167)
at org.openqa.selenium.remote.service.DriverCommandExecutor.execute(DriverCommandExecutor.java:142)
at org.openqa.selenium.remote.RemoteWebDriver.execute(RemoteWebDriver.java:547)
at org.openqa.selenium.remote.RemoteWebDriver.execute(RemoteWebDriver.java:602)
at org.openqa.selenium.remote.RemoteWebDriver.execute(RemoteWebDriver.java:606)
at org.openqa.selenium.remote.RemoteWebDriver$RemoteTargetLocator.alert(RemoteWebDriver.java:1128)
at mobile.signup.sign_up_firstname(signup.java:15)
at java.base/java.util.ArrayList.forEach(ArrayList.java:1511)
... Removed 32 stack frames]]>
    </failure>
  </testcase> <!-- sign_up_firstname -->
  <testcase classname="mobile.signup" name="sign_up_firstname" time="2.089"/>
  <testcase classname="mobile.signup" name="sign_up_integration" time="4.824"/>
  <testcase classname="mobile.signup" name="sign_up_lastname" time="2.162"/>
  <testcase classname="mobile.signup" name="sign_up_lastname" time="2.195"/>
  <testcase classname="mobile.signup" name="sign_up_lastname" time="1.786"/>
  <testcase classname="mobile.signup" name="sign_up_lastname" time="1.966"/>
  <testcase classname="mobile.signup" name="sign_up_lastname" time="2.234"/>
  <testcase classname="mobile.signup" name="sign_up_lastname" time="2.07"/>
  <testcase classname="mobile.signup" name="sign_up_lastname" time="1.949"/>
  <testcase classname="mobile.signup" name="sign_up_lastname" time="1.988">
    <failure type="org.openqa.selenium.NoAlertPresentException" message="no such alert
  (Session info: chrome=105.0.5195.127)
Build info: version: &amp;apos;4.4.0&amp;apos;, revision: &amp;apos;e5c75ed026a&amp;apos;
System info: host: &amp;apos;QT-INBG-LT0706&amp;apos;, ip: &amp;apos;10.20.15.124&amp;apos;, os.name: &amp;apos;Windows 10&amp;apos;, os.arch: &amp;apos;amd64&amp;apos;, os.version: &amp;apos;10.0&amp;apos;, java.version: &amp;apos;17.0.4&amp;apos;
Driver info: org.openqa.selenium.chrome.ChromeDriver
Command: [636a428c1112837160a95683e4762f81, getAlertText {}]
Capabilities {acceptInsecureCerts: false, browserName: chrome, browserVersion: 105.0.5195.127, chrome: {chromedriverVersion: 105.0.5195.52 (412c95e51883..., userDataDir: C:\Users\ASA~1.AJA\AppData\...}, goog:chromeOptions: {debuggerAddress: localhost:55923}, networkConnectionEnabled: false, pageLoadStrategy: normal, platformName: WINDOWS, proxy: Proxy(), se:cdp: ws://localhost:55923/devtoo..., se:cdpVersion: 105.0.5195.127, setWindowRect: true, strictFileInteractability: false, timeouts: {implicit: 0, pageLoad: 300000, script: 30000}, unhandledPromptBehavior: dismiss and notify, webauthn:extension:credBlob: true, webauthn:extension:largeBlob: true, webauthn:virtualAuthenticators: true}
Session ID: 636a428c1112837160a95683e4762f81">
      <![CDATA[org.openqa.selenium.NoAlertPresentException: no such alert
  (Session info: chrome=105.0.5195.127)
Build info: version: '4.4.0', revision: 'e5c75ed026a'
System info: host: 'QT-INBG-LT0706', ip: '10.20.15.124', os.name: 'Windows 10', os.arch: 'amd64', os.version: '10.0', java.version: '17.0.4'
Driver info: org.openqa.selenium.chrome.ChromeDriver
Command: [636a428c1112837160a95683e4762f81, getAlertText {}]
Capabilities {acceptInsecureCerts: false, browserName: chrome, browserVersion: 105.0.5195.127, chrome: {chromedriverVersion: 105.0.5195.52 (412c95e51883..., userDataDir: C:\Users\ASA~1.AJA\AppData\...}, goog:chromeOptions: {debuggerAddress: localhost:55923}, networkConnectionEnabled: false, pageLoadStrategy: normal, platformName: WINDOWS, proxy: Proxy(), se:cdp: ws://localhost:55923/devtoo..., se:cdpVersion: 105.0.5195.127, setWindowRect: true, strictFileInteractability: false, timeouts: {implicit: 0, pageLoad: 300000, script: 30000}, unhandledPromptBehavior: dismiss and notify, webauthn:extension:credBlob: true, webauthn:extension:largeBlob: true, webauthn:virtualAuthenticators: true}
Session ID: 636a428c1112837160a95683e4762f81
at org.openqa.selenium.remote.codec.w3c.W3CHttpResponseCodec.createException(W3CHttpResponseCodec.java:200)
at org.openqa.selenium.remote.codec.w3c.W3CHttpResponseCodec.decode(W3CHttpResponseCodec.java:133)
at org.openqa.selenium.remote.codec.w3c.W3CHttpResponseCodec.decode(W3CHttpResponseCodec.java:53)
at org.openqa.selenium.remote.HttpCommandExecutor.execute(HttpCommandExecutor.java:184)
at org.openqa.selenium.remote.service.DriverCommandExecutor.invokeExecute(DriverCommandExecutor.java:167)
at org.openqa.selenium.remote.service.DriverCommandExecutor.execute(DriverCommandExecutor.java:142)
at org.openqa.selenium.remote.RemoteWebDriver.execute(RemoteWebDriver.java:547)
at org.openqa.selenium.remote.RemoteWebDriver.execute(RemoteWebDriver.java:602)
at org.openqa.selenium.remote.RemoteWebDriver.execute(RemoteWebDriver.java:606)
at org.openqa.selenium.remote.RemoteWebDriver$RemoteTargetLocator.alert(RemoteWebDriver.java:1128)
at mobile.signup.sign_up_lastname(signup.java:26)
at java.base/java.util.ArrayList.forEach(ArrayList.java:1511)
... Removed 32 stack frames]]>
    </failure>
  </testcase> <!-- sign_up_lastname -->
  <testcase classname="mobile.signup" name="sign_up_mobilenumber" time="1.727"/>
  <testcase classname="mobile.signup" name="sign_up_mobilenumber" time="4.479"/>
  <testcase classname="mobile.signup" name="sign_up_mobilenumber" time="1.86"/>
  <testcase classname="mobile.signup" name="sign_up_mobilenumber" time="1.628"/>
  <testcase classname="mobile.signup" name="sign_up_mobilenumber" time="1.75"/>
  <testcase classname="mobile.signup" name="sign_up_mobilenumber" time="1.909"/>
  <testcase classname="mobile.signup" name="sign_up_mobilenumber" time="38.127">
    <failure type="org.testng.internal.reflect.MethodMatcherException" message="
[public void mobile.signup.sign_up_mobilenumber(java.lang.String,java.lang.String,java.lang.String,java.lang.String,java.lang.String,java.lang.String,java.lang.String)] has no parameters defined but was found to be using a data provider (either explicitly specified or inherited from class level annotation).
Data provider mismatch
Method: sign_up_mobilenumber([Parameter{index=0, type=java.lang.String, declaredAnnotations=[]}, Parameter{index=1, type=java.lang.String, declaredAnnotations=[]}, Parameter{index=2, type=java.lang.String, declaredAnnotations=[]}, Parameter{index=3, type=java.lang.String, declaredAnnotations=[]}, Parameter{index=4, type=java.lang.String, declaredAnnotations=[]}, Parameter{index=5, type=java.lang.String, declaredAnnotations=[]}, Parameter{index=6, type=java.lang.String, declaredAnnotations=[]}])
Arguments: [(java.lang.String) aja,(java.lang.String) abc,(java.lang.String) abc@gmail.com,(java.lang.String) abc123,(java.lang.String) 18-09-2022,(java.lang.String) bio]">
      <![CDATA[org.testng.internal.reflect.MethodMatcherException: 
[public void mobile.signup.sign_up_mobilenumber(java.lang.String,java.lang.String,java.lang.String,java.lang.String,java.lang.String,java.lang.String,java.lang.String)] has no parameters defined but was found to be using a data provider (either explicitly specified or inherited from class level annotation).
Data provider mismatch
Method: sign_up_mobilenumber([Parameter{index=0, type=java.lang.String, declaredAnnotations=[]}, Parameter{index=1, type=java.lang.String, declaredAnnotations=[]}, Parameter{index=2, type=java.lang.String, declaredAnnotations=[]}, Parameter{index=3, type=java.lang.String, declaredAnnotations=[]}, Parameter{index=4, type=java.lang.String, declaredAnnotations=[]}, Parameter{index=5, type=java.lang.String, declaredAnnotations=[]}, Parameter{index=6, type=java.lang.String, declaredAnnotations=[]}])
Arguments: [(java.lang.String) aja,(java.lang.String) abc,(java.lang.String) abc@gmail.com,(java.lang.String) abc123,(java.lang.String) 18-09-2022,(java.lang.String) bio]
at java.base/java.util.ArrayList.forEach(ArrayList.java:1511)
... Removed 22 stack frames]]>
    </failure>
  </testcase> <!-- sign_up_mobilenumber -->
  <testcase classname="mobile.signup" name="sign_up_password" time="1.8"/>
  <testcase classname="mobile.signup" name="sign_up_password" time="1.862"/>
  <testcase classname="mobile.signup" name="sign_up_password" time="1.928"/>
  <testcase classname="mobile.signup" name="sign_up_password" time="1.698"/>
  <testcase classname="mobile.signup" name="sign_up_password" time="24.453">
    <failure type="org.testng.internal.reflect.MethodMatcherException" message="
[public void mobile.signup.sign_up_password(java.lang.String,java.lang.String,java.lang.String,java.lang.String,java.lang.String,java.lang.String,java.lang.String)] has no parameters defined but was found to be using a data provider (either explicitly specified or inherited from class level annotation).
Data provider mismatch
Method: sign_up_password([Parameter{index=0, type=java.lang.String, declaredAnnotations=[]}, Parameter{index=1, type=java.lang.String, declaredAnnotations=[]}, Parameter{index=2, type=java.lang.String, declaredAnnotations=[]}, Parameter{index=3, type=java.lang.String, declaredAnnotations=[]}, Parameter{index=4, type=java.lang.String, declaredAnnotations=[]}, Parameter{index=5, type=java.lang.String, declaredAnnotations=[]}, Parameter{index=6, type=java.lang.String, declaredAnnotations=[]}])
Arguments: [(java.lang.String) aja,(java.lang.String) abc,(java.lang.String) abc@gmail.com,(java.lang.String) 18-09-2022,(java.lang.String) 9701574760,(java.lang.String) bio]">
      <![CDATA[org.testng.internal.reflect.MethodMatcherException: 
[public void mobile.signup.sign_up_password(java.lang.String,java.lang.String,java.lang.String,java.lang.String,java.lang.String,java.lang.String,java.lang.String)] has no parameters defined but was found to be using a data provider (either explicitly specified or inherited from class level annotation).
Data provider mismatch
Method: sign_up_password([Parameter{index=0, type=java.lang.String, declaredAnnotations=[]}, Parameter{index=1, type=java.lang.String, declaredAnnotations=[]}, Parameter{index=2, type=java.lang.String, declaredAnnotations=[]}, Parameter{index=3, type=java.lang.String, declaredAnnotations=[]}, Parameter{index=4, type=java.lang.String, declaredAnnotations=[]}, Parameter{index=5, type=java.lang.String, declaredAnnotations=[]}, Parameter{index=6, type=java.lang.String, declaredAnnotations=[]}])
Arguments: [(java.lang.String) aja,(java.lang.String) abc,(java.lang.String) abc@gmail.com,(java.lang.String) 18-09-2022,(java.lang.String) 9701574760,(java.lang.String) bio]
at java.base/java.util.ArrayList.forEach(ArrayList.java:1511)
... Removed 22 stack frames]]>
    </failure>
  </testcase> <!-- sign_up_password -->
  <testcase classname="mobile.contactus" name="contact_us_email" time="2.285"/>
  <testcase classname="mobile.contactus" name="contact_us_email" time="2.181"/>
  <testcase classname="mobile.contactus" name="contact_us_integration" time="2.217"/>
  <testcase classname="mobile.contactus" name="contact_us_message" time="1.764"/>
  <testcase classname="mobile.contactus" name="contact_us_message" time="2.231"/>
  <testcase classname="mobile.contactus" name="contact_us_message" time="1.783"/>
  <testcase classname="mobile.contactus" name="contact_us_message" time="1.848"/>
  <testcase classname="mobile.contactus" name="contact_us_message" time="1.577"/>
  <testcase classname="mobile.contactus" name="contact_us_phonenumber" time="1.862"/>
  <testcase classname="mobile.contactus" name="contact_us_phonenumber" time="1.989"/>
  <testcase classname="mobile.contactus" name="contact_us_phonenumber" time="2.032"/>
  <testcase classname="mobile.contactus" name="contact_us_phonenumber" time="1.648"/>
  <testcase classname="mobile.contactus" name="contact_us_phonenumber" time="1.773"/>
  <testcase classname="mobile.contactus" name="contact_us_phonenumber" time="1.97"/>
  <testcase classname="mobile.contactus" name="contact_us_username" time="2.215"/>
  <testcase classname="mobile.contactus" name="contact_us_username" time="2.21"/>
  <testcase classname="mobile.contactus" name="contact_us_username" time="1.952"/>
  <testcase classname="mobile.contactus" name="contact_us_username" time="2.124"/>
  <testcase classname="mobile.contactus" name="contact_us_username" time="2.181"/>
</testsuite> <!-- Test -->
